[34m2020-07-15 13:02:56.768 UTC [nodeCmd] serve -> INFO 001[0m Starting peer:
 Version: 1.3.0
 Commit SHA: ab0a67a
 Go version: go1.10.4
 OS/Arch: linux/amd64
 Experimental features: false
 Chaincode:
  Base Image Version: 0.4.13
  Base Docker Namespace: hyperledger
  Base Docker Label: org.hyperledger.fabric
  Docker Namespace: hyperledger
[34m2020-07-15 13:02:56.768 UTC [ledgermgmt] initialize -> INFO 002[0m Initializing ledger mgmt
[34m2020-07-15 13:02:56.768 UTC [kvledger] NewProvider -> INFO 003[0m Initializing ledger provider
[34m2020-07-15 13:02:56.789 UTC [kvledger] NewProvider -> INFO 004[0m ledger provider Initialized
[34m2020-07-15 13:02:56.792 UTC [ledgermgmt] initialize -> INFO 005[0m ledger mgmt initialized
[34m2020-07-15 13:02:56.792 UTC [peer] func1 -> INFO 006[0m Auto-detected peer address: 10.0.1.222:7051
[34m2020-07-15 13:02:56.793 UTC [peer] func1 -> INFO 007[0m Host is 0.0.0.0 , falling back to auto-detected address: 10.0.1.222:7051
[34m2020-07-15 13:02:56.793 UTC [peer] func1 -> INFO 008[0m Auto-detected peer address: 10.0.1.222:7051
[34m2020-07-15 13:02:56.793 UTC [peer] func1 -> INFO 009[0m Host is 0.0.0.0 , falling back to auto-detected address: 10.0.1.222:7051
[34m2020-07-15 13:02:56.795 UTC [nodeCmd] computeChaincodeEndpoint -> INFO 00a[0m Entering computeChaincodeEndpoint with peerHostname: 10.0.1.222
[34m2020-07-15 13:02:56.796 UTC [nodeCmd] computeChaincodeEndpoint -> INFO 00b[0m Exit with ccEndpoint: 10.0.1.222:7052
[33m2020-07-15 13:02:56.796 UTC [nodeCmd] createChaincodeServer -> WARN 00c[0m peer.chaincodeListenAddress is not set, using 10.0.1.222:7052
[34m2020-07-15 13:02:56.798 UTC [sccapi] registerSysCC -> INFO 00d[0m system chaincode lscc(github.com/hyperledger/fabric/core/scc/lscc) registered
[34m2020-07-15 13:02:56.798 UTC [sccapi] registerSysCC -> INFO 00e[0m system chaincode cscc(github.com/hyperledger/fabric/core/scc/cscc) registered
[34m2020-07-15 13:02:56.798 UTC [sccapi] registerSysCC -> INFO 00f[0m system chaincode qscc(github.com/hyperledger/fabric/core/scc/qscc) registered
[34m2020-07-15 13:02:56.798 UTC [sccapi] registerSysCC -> INFO 010[0m system chaincode +lifecycle(github.com/hyperledger/fabric/core/chaincode/lifecycle) registered
[34m2020-07-15 13:02:56.801 UTC [gossip/service] func1 -> INFO 011[0m Initialize gossip with endpoint 0.peer.ibm.bft:7051 and bootstrap set [0.peer.ibm.bft:7051]
[34m2020-07-15 13:02:56.806 UTC [gossip/gossip] NewGossipService -> INFO 012[0m Creating gossip service with self membership of { [] [36 209 71 49 0 254 76 147 214 246 92 164 214 243 140 75 23 64 8 221 187 207 217 36 39 182 129 180 168 45 149 73] 0.peer.ibm.bft:7051 <nil> <nil>}
[33m2020-07-15 13:02:56.807 UTC [gossip/gossip] NewGossipService -> WARN 013[0m External endpoint is empty, peer will not be accessible outside of its organization
[34m2020-07-15 13:02:56.807 UTC [gossip/gossip] start -> INFO 014[0m Gossip instance 0.peer.ibm.bft:7051 started
[34m2020-07-15 13:02:56.808 UTC [sccapi] deploySysCC -> INFO 015[0m system chaincode lscc/(github.com/hyperledger/fabric/core/scc/lscc) deployed
[34m2020-07-15 13:02:56.808 UTC [cscc] Init -> INFO 016[0m Init CSCC
[34m2020-07-15 13:02:56.808 UTC [sccapi] deploySysCC -> INFO 017[0m system chaincode cscc/(github.com/hyperledger/fabric/core/scc/cscc) deployed
[34m2020-07-15 13:02:56.809 UTC [qscc] Init -> INFO 018[0m Init QSCC
[34m2020-07-15 13:02:56.809 UTC [sccapi] deploySysCC -> INFO 019[0m system chaincode qscc/(github.com/hyperledger/fabric/core/scc/qscc) deployed
[34m2020-07-15 13:02:56.809 UTC [sccapi] deploySysCC -> INFO 01a[0m system chaincode +lifecycle/(github.com/hyperledger/fabric/core/chaincode/lifecycle) deployed
[34m2020-07-15 13:02:56.809 UTC [nodeCmd] serve -> INFO 01b[0m Deployed system chaincodes
[34m2020-07-15 13:02:56.811 UTC [discovery] NewService -> INFO 01c[0m Created with config TLS: false, authCacheMaxSize: 1000, authCachePurgeRatio: 0.750000
[34m2020-07-15 13:02:56.811 UTC [nodeCmd] registerDiscoveryService -> INFO 01d[0m Discovery service activated
[34m2020-07-15 13:02:56.811 UTC [nodeCmd] serve -> INFO 01e[0m Starting peer with ID=[name:"jdoe" ], network ID=[dev], address=[10.0.1.222:7051]
[34m2020-07-15 13:02:56.812 UTC [nodeCmd] serve -> INFO 01f[0m Started peer with ID=[name:"jdoe" ], network ID=[dev], address=[10.0.1.222:7051]
[34m2020-07-15 13:03:26.231 UTC [endorser] callChaincode -> INFO 020[0m [][e85cddba] Entry chaincode: name:"cscc" 
[34m2020-07-15 13:03:26.233 UTC [ledgermgmt] CreateLedger -> INFO 021[0m Creating ledger [mychannel] with genesis block
[34m2020-07-15 13:03:26.234 UTC [fsblkstorage] newBlockfileMgr -> INFO 022[0m Getting block information from block storage
[34m2020-07-15 13:03:26.239 UTC [kvledger] CommitWithPvtData -> INFO 023[0m [mychannel] Committed block [0] with 1 transaction(s) in 4ms (state_validation=0ms block_commit=2ms state_commit=0ms)
[34m2020-07-15 13:03:26.240 UTC [ledgermgmt] CreateLedger -> INFO 024[0m Created ledger [mychannel] with genesis block
[34m2020-07-15 13:03:26.248 UTC [gossip/gossip] JoinChan -> INFO 025[0m Joining gossip network of channel mychannel with 1 organizations
[34m2020-07-15 13:03:26.248 UTC [gossip/gossip] learnAnchorPeers -> INFO 026[0m No configured anchor peers of IBMMSP for channel mychannel to learn about
[34m2020-07-15 13:03:26.253 UTC [gossip/state] NewGossipStateProvider -> INFO 027[0m Updating metadata information, current ledger sequence is at = 0, next expected block is = 1
[34m2020-07-15 13:03:26.254 UTC [sccapi] deploySysCC -> INFO 028[0m system chaincode lscc/mychannel(github.com/hyperledger/fabric/core/scc/lscc) deployed
[34m2020-07-15 13:03:26.254 UTC [cscc] Init -> INFO 029[0m Init CSCC
[34m2020-07-15 13:03:26.254 UTC [sccapi] deploySysCC -> INFO 02a[0m system chaincode cscc/mychannel(github.com/hyperledger/fabric/core/scc/cscc) deployed
[34m2020-07-15 13:03:26.255 UTC [qscc] Init -> INFO 02b[0m Init QSCC
[34m2020-07-15 13:03:26.255 UTC [sccapi] deploySysCC -> INFO 02c[0m system chaincode qscc/mychannel(github.com/hyperledger/fabric/core/scc/qscc) deployed
[34m2020-07-15 13:03:26.255 UTC [sccapi] deploySysCC -> INFO 02d[0m system chaincode +lifecycle/mychannel(github.com/hyperledger/fabric/core/chaincode/lifecycle) deployed
[34m2020-07-15 13:03:26.255 UTC [endorser] callChaincode -> INFO 02e[0m [][e85cddba] Exit chaincode: name:"cscc"  (24ms)
[34m2020-07-15 13:03:30.594 UTC [endorser] callChaincode -> INFO 02f[0m [][032645c9] Entry chaincode: name:"lscc" 
[34m2020-07-15 13:03:30.596 UTC [lscc] executeInstall -> INFO 030[0m Installed Chaincode [example02] Version [1.3] to peer
[34m2020-07-15 13:03:30.596 UTC [endorser] callChaincode -> INFO 031[0m [][032645c9] Exit chaincode: name:"lscc"  (1ms)
[34m2020-07-15 13:03:32.256 UTC [gossip/election] beLeader -> INFO 032[0m [36 209 71 49 0 254 76 147 214 246 92 164 214 243 140 75 23 64 8 221 187 207 217 36 39 182 129 180 168 45 149 73] : Becoming a leader
[34m2020-07-15 13:03:32.256 UTC [gossip/service] func1 -> INFO 033[0m Elected as a leader, starting delivery service for channel mychannel
[34m2020-07-15 13:03:32.266 UTC [gossip/privdata] StoreBlock -> INFO 034[0m [mychannel] Received block [1] from buffer
[31m2020-07-15 13:03:32.266 UTC [protoutils] ValidateTransaction -> ERRO 035[0m validateCommonHeader returns err invalid nonce specified in the header
[31m2020-07-15 13:03:32.266 UTC [committer/txvalidator] validateTx -> ERRO 036[0m Invalid transaction with index 0
[34m2020-07-15 13:03:32.266 UTC [committer/txvalidator] Validate -> INFO 037[0m [mychannel] Validated block [1] in 0ms
[33m2020-07-15 13:03:32.267 UTC [valimpl] preprocessProtoBlock -> WARN 038[0m Channel [mychannel]: Block [1] Transaction index [0] TxId [] marked as invalid by committer. Reason code [BAD_COMMON_HEADER]
[34m2020-07-15 13:03:32.270 UTC [kvledger] CommitWithPvtData -> INFO 039[0m [mychannel] Committed block [1] with 1 transaction(s) in 3ms (state_validation=0ms block_commit=2ms state_commit=0ms)
[34m2020-07-15 13:03:36.559 UTC [endorser] callChaincode -> INFO 03a[0m [mychannel][244c52cc] Entry chaincode: name:"lscc" 
[34m2020-07-15 13:03:37.632 UTC [endorser] callChaincode -> INFO 03b[0m [mychannel][244c52cc] Exit chaincode: name:"lscc"  (1073ms)
[34m2020-07-15 13:03:38.172 UTC [gossip/privdata] StoreBlock -> INFO 03c[0m [mychannel] Received block [2] from buffer
[34m2020-07-15 13:03:38.175 UTC [committer/txvalidator] Validate -> INFO 03d[0m [mychannel] Validated block [2] in 3ms
[34m2020-07-15 13:03:38.176 UTC [cceventmgmt] HandleStateUpdates -> INFO 03e[0m Channel [mychannel]: Handling LSCC state update for chaincode [example02]
[34m2020-07-15 13:03:38.179 UTC [kvledger] CommitWithPvtData -> INFO 03f[0m [mychannel] Committed block [2] with 1 transaction(s) in 2ms (state_validation=0ms block_commit=1ms state_commit=0ms)
[34m2020-07-15 13:03:42.629 UTC [endorser] callChaincode -> INFO 040[0m [mychannel][b0dbe09b] Entry chaincode: name:"example02" 
[34m2020-07-15 13:03:42.630 UTC [endorser] callChaincode -> INFO 041[0m [mychannel][b0dbe09b] Exit chaincode: name:"example02"  (1ms)
[34m2020-07-15 13:03:49.167 UTC [endorser] callChaincode -> INFO 042[0m [][df228f5d] Entry chaincode: name:"cscc" 
[34m2020-07-15 13:03:49.168 UTC [endorser] callChaincode -> INFO 043[0m [][df228f5d] Exit chaincode: name:"cscc"  (1ms)
[34m2020-07-15 13:03:49.179 UTC [endorser] callChaincode -> INFO 044[0m [mychannel][f334022f] Entry chaincode: name:"example02" 
[34m2020-07-15 13:03:49.181 UTC [endorser] callChaincode -> INFO 045[0m [mychannel][f334022f] Exit chaincode: name:"example02"  (2ms)
[34m2020-07-15 13:03:50.185 UTC [gossip/privdata] StoreBlock -> INFO 046[0m [mychannel] Received block [3] from buffer
[34m2020-07-15 13:03:50.187 UTC [committer/txvalidator] Validate -> INFO 047[0m [mychannel] Validated block [3] in 1ms
[34m2020-07-15 13:03:50.191 UTC [kvledger] CommitWithPvtData -> INFO 048[0m [mychannel] Committed block [3] with 1 transaction(s) in 2ms (state_validation=0ms block_commit=1ms state_commit=0ms)
[34m2020-07-15 13:04:57.730 UTC [gossip/service] Stop -> INFO 049[0m Stopping chain mychannel
[34m2020-07-15 13:04:57.730 UTC [gossip/service] Stop -> INFO 04a[0m Stopping leader election for mychannel
[34m2020-07-15 13:04:57.730 UTC [gossip/gossip] Stop -> INFO 04b[0m Stopping gossip
[34m2020-07-15 13:04:57.730 UTC [gossip/discovery] Stop -> INFO 04c[0m Stopping
[34m2020-07-15 13:04:57.730 UTC [gossip/discovery] Stop -> INFO 04d[0m Stopped
[33m2020-07-15 13:04:57.730 UTC [deliveryClient] try -> WARN 04e[0m Got error: rpc error: code = Canceled desc = context canceled , at 1 attempt. Retrying in 1s
[34m2020-07-15 13:04:57.730 UTC [gossip/comm] Stop -> INFO 04f[0m Stopping
[33m2020-07-15 13:04:57.730 UTC [blocksProvider] DeliverBlocks -> WARN 050[0m [mychannel] Receive error: client is closing
[34m2020-07-15 13:04:57.730 UTC [gossip/comm] Stop -> INFO 051[0m Stopped
